[2026-03-21 17:38:42] === Kyle Watcher Starting ===
[2026-03-21 17:38:43] No reply from Kyle yet.
[2026-03-21 17:38:43] No reply yet. Will check again next run.
[2026-03-21 18:01:55] === Kyle Watcher Starting ===
[2026-03-21 18:01:57] No reply from Kyle yet.
[2026-03-21 18:01:57] No reply yet. Will check again next run.
[2026-03-21 18:31:44] === Kyle Watcher Starting ===
[2026-03-21 18:31:45] No reply from Kyle yet.
[2026-03-21 18:31:45] No reply yet. Will check again next run.
[2026-03-21 18:46:21] === Kyle Watcher v2 Starting ===
[2026-03-21 18:46:25] Virtualmin IMAP error: b'[AUTHENTICATIONFAILED] Authentication failed.'
[2026-03-21 18:46:25] No reply from Kyle in Gmail fallback
[2026-03-21 18:46:26] No reply from Kyle yet. Next check in 30 minutes.
[2026-03-21 18:46:44] === Kyle Watcher v2 Starting ===
[2026-03-21 18:46:45] Virtualmin mailbox: 0 total messages
[2026-03-21 18:46:45] No reply from Kyle in Virtualmin mailbox
[2026-03-21 18:46:46] No reply from Kyle in Gmail fallback
[2026-03-21 18:46:46] No reply from Kyle yet. Next check in 30 minutes.
[2026-03-21 19:01:59] === Kyle Watcher v2 Starting ===
[2026-03-21 19:01:59] Virtualmin mailbox: 0 total messages
[2026-03-21 19:01:59] No reply from Kyle in Virtualmin mailbox
[2026-03-21 19:02:00] No reply from Kyle in Gmail fallback
[2026-03-21 19:02:00] No reply from Kyle yet. Next check in 30 minutes.
[2026-03-21 19:31:42] === Kyle Watcher v2 Starting ===
[2026-03-21 19:31:42] Virtualmin mailbox: 0 total messages
[2026-03-21 19:31:42] No reply from Kyle in Virtualmin mailbox
[2026-03-21 19:31:43] No reply from Kyle in Gmail fallback
[2026-03-21 19:31:43] No reply from Kyle yet. Next check in 30 minutes.
[2026-03-21 20:01:46] === Kyle Watcher v2 Starting ===
[2026-03-21 20:01:46] Virtualmin mailbox: 0 total messages
[2026-03-21 20:01:46] No reply from Kyle in Virtualmin mailbox
[2026-03-21 20:01:47] No reply from Kyle in Gmail fallback
[2026-03-21 20:01:47] No reply from Kyle yet. Next check in 30 minutes.
[2026-03-21 20:31:47] === Kyle Watcher v2 Starting ===
[2026-03-21 20:31:47] Virtualmin mailbox: 0 total messages
[2026-03-21 20:31:47] No reply from Kyle in Virtualmin mailbox
[2026-03-21 20:31:48] No reply from Kyle in Gmail fallback
[2026-03-21 20:31:48] No reply from Kyle yet. Next check in 30 minutes.
[2026-03-21 21:01:50] === Kyle Watcher v2 Starting ===
[2026-03-21 21:01:50] Virtualmin mailbox: 0 total messages
[2026-03-21 21:01:50] No reply from Kyle in Virtualmin mailbox
[2026-03-21 21:01:51] No reply from Kyle in Gmail fallback
[2026-03-21 21:01:51] No reply from Kyle yet. Next check in 30 minutes.
[2026-03-21 21:32:02] === Kyle Watcher v2 Starting ===
[2026-03-21 21:32:02] Virtualmin mailbox: 0 total messages
[2026-03-21 21:32:02] No reply from Kyle in Virtualmin mailbox
[2026-03-21 21:32:03] No reply from Kyle in Gmail fallback
[2026-03-21 21:32:03] No reply from Kyle yet. Next check in 30 minutes.
[2026-03-21 22:11:32] === Kyle Watcher v2 Starting ===
[2026-03-21 22:11:32] Virtualmin mailbox: 0 total messages
[2026-03-21 22:11:32] No reply from Kyle in Virtualmin mailbox
[2026-03-21 22:11:32] No reply from Kyle in Gmail fallback
[2026-03-21 22:11:33] No reply from Kyle yet. Next check in 30 minutes.
[2026-03-21 22:31:36] === Kyle Watcher v2 Starting ===
[2026-03-21 22:31:36] Virtualmin mailbox: 0 total messages
[2026-03-21 22:31:36] No reply from Kyle in Virtualmin mailbox
[2026-03-21 22:31:37] No reply from Kyle in Gmail fallback
[2026-03-21 22:31:37] No reply from Kyle yet. Next check in 30 minutes.
[2026-03-21 23:01:41] === Kyle Watcher v2 Starting ===
[2026-03-21 23:01:41] Virtualmin mailbox: 0 total messages
[2026-03-21 23:01:41] No reply from Kyle in Virtualmin mailbox
[2026-03-21 23:01:42] No reply from Kyle in Gmail fallback
[2026-03-21 23:01:42] No reply from Kyle yet. Next check in 30 minutes.
[2026-03-21 23:31:35] === Kyle Watcher v2 Starting ===
[2026-03-21 23:31:35] Virtualmin mailbox: 0 total messages
[2026-03-21 23:31:35] No reply from Kyle in Virtualmin mailbox
[2026-03-21 23:31:36] No reply from Kyle in Gmail fallback
[2026-03-21 23:31:36] No reply from Kyle yet. Next check in 30 minutes.
[2026-03-22 00:01:51] === Kyle Watcher v2 Starting ===
[2026-03-22 00:01:51] Virtualmin mailbox: 0 total messages
[2026-03-22 00:01:51] No reply from Kyle in Virtualmin mailbox
[2026-03-22 00:01:52] No reply from Kyle in Gmail fallback
[2026-03-22 00:01:52] No reply from Kyle yet. Next check in 30 minutes.
[2026-03-22 00:31:44] === Kyle Watcher v2 Starting ===
[2026-03-22 00:31:44] Virtualmin mailbox: 0 total messages
[2026-03-22 00:31:44] No reply from Kyle in Virtualmin mailbox
[2026-03-22 00:31:45] No reply from Kyle in Gmail fallback
[2026-03-22 00:31:45] No reply from Kyle yet. Next check in 30 minutes.
[2026-03-22 01:01:47] === Kyle Watcher v2 Starting ===
[2026-03-22 01:01:47] Virtualmin mailbox: 0 total messages
[2026-03-22 01:01:47] No reply from Kyle in Virtualmin mailbox
[2026-03-22 01:01:48] No reply from Kyle in Gmail fallback
[2026-03-22 01:01:48] No reply from Kyle yet. Next check in 30 minutes.
[2026-03-22 01:31:38] === Kyle Watcher v2 Starting ===
[2026-03-22 01:31:38] Virtualmin mailbox: 0 total messages
[2026-03-22 01:31:38] No reply from Kyle in Virtualmin mailbox
[2026-03-22 01:31:39] No reply from Kyle in Gmail fallback
[2026-03-22 01:31:39] No reply from Kyle yet. Next check in 30 minutes.
[2026-03-22 02:01:45] === Kyle Watcher v2 Starting ===
[2026-03-22 02:01:45] Virtualmin mailbox: 0 total messages
[2026-03-22 02:01:45] No reply from Kyle in Virtualmin mailbox
[2026-03-22 02:01:46] No reply from Kyle in Gmail fallback
[2026-03-22 02:01:46] No reply from Kyle yet. Next check in 30 minutes.
[2026-03-22 02:32:07] === Kyle Watcher v2 Starting ===
[2026-03-22 02:32:08] Virtualmin mailbox: 0 total messages
[2026-03-22 02:32:08] No reply from Kyle in Virtualmin mailbox
[2026-03-22 02:32:08] No reply from Kyle in Gmail fallback
[2026-03-22 02:32:09] No reply from Kyle yet. Next check in 30 minutes.
[2026-03-22 03:01:50] === Kyle Watcher v2 Starting ===
[2026-03-22 03:01:50] Virtualmin mailbox: 0 total messages
[2026-03-22 03:01:50] No reply from Kyle in Virtualmin mailbox
[2026-03-22 03:01:51] No reply from Kyle in Gmail fallback
[2026-03-22 03:01:51] No reply from Kyle yet. Next check in 30 minutes.
[2026-03-22 03:33:41] === Kyle Watcher v2 Starting ===
[2026-03-22 03:33:41] Virtualmin mailbox: 0 total messages
[2026-03-22 03:33:41] No reply from Kyle in Virtualmin mailbox
[2026-03-22 03:33:41] No reply from Kyle in Gmail fallback
[2026-03-22 03:33:42] No reply from Kyle yet. Next check in 30 minutes.
[2026-03-22 04:01:45] === Kyle Watcher v2 Starting ===
[2026-03-22 04:01:45] Virtualmin mailbox: 0 total messages
[2026-03-22 04:01:45] No reply from Kyle in Virtualmin mailbox
[2026-03-22 04:01:46] No reply from Kyle in Gmail fallback
[2026-03-22 04:01:46] No reply from Kyle yet. Next check in 30 minutes.
[2026-03-22 04:31:57] === Kyle Watcher v2 Starting ===
[2026-03-22 04:31:57] Virtualmin mailbox: 0 total messages
[2026-03-22 04:31:57] No reply from Kyle in Virtualmin mailbox
[2026-03-22 04:31:58] No reply from Kyle in Gmail fallback
[2026-03-22 04:31:58] No reply from Kyle yet. Next check in 30 minutes.
[2026-03-22 05:01:52] === Kyle Watcher v2 Starting ===
[2026-03-22 05:01:53] Virtualmin mailbox: 0 total messages
[2026-03-22 05:01:53] No reply from Kyle in Virtualmin mailbox
[2026-03-22 05:01:53] No reply from Kyle in Gmail fallback
[2026-03-22 05:01:54] No reply from Kyle yet. Next check in 30 minutes.
[2026-03-22 05:31:43] === Kyle Watcher v2 Starting ===
[2026-03-22 05:31:43] Virtualmin mailbox: 0 total messages
[2026-03-22 05:31:43] No reply from Kyle in Virtualmin mailbox
[2026-03-22 05:31:44] No reply from Kyle in Gmail fallback
[2026-03-22 05:31:44] No reply from Kyle yet. Next check in 30 minutes.
[2026-03-22 06:01:50] === Kyle Watcher v2 Starting ===
[2026-03-22 06:01:50] Virtualmin mailbox: 0 total messages
[2026-03-22 06:01:50] No reply from Kyle in Virtualmin mailbox
[2026-03-22 06:01:51] No reply from Kyle in Gmail fallback
[2026-03-22 06:01:51] No reply from Kyle yet. Next check in 30 minutes.
[2026-03-22 06:31:39] === Kyle Watcher v2 Starting ===
[2026-03-22 06:31:39] Virtualmin mailbox: 0 total messages
[2026-03-22 06:31:39] No reply from Kyle in Virtualmin mailbox
[2026-03-22 06:31:40] No reply from Kyle in Gmail fallback
[2026-03-22 06:31:40] No reply from Kyle yet. Next check in 30 minutes.
[2026-03-22 07:01:49] === Kyle Watcher v2 Starting ===
[2026-03-22 07:01:49] Virtualmin mailbox: 0 total messages
[2026-03-22 07:01:49] No reply from Kyle in Virtualmin mailbox
[2026-03-22 07:01:50] No reply from Kyle in Gmail fallback
[2026-03-22 07:01:51] No reply from Kyle yet. Next check in 30 minutes.
[2026-03-22 07:31:40] === Kyle Watcher v2 Starting ===
[2026-03-22 07:31:40] Virtualmin mailbox: 0 total messages
[2026-03-22 07:31:40] No reply from Kyle in Virtualmin mailbox
[2026-03-22 07:31:41] No reply from Kyle in Gmail fallback
[2026-03-22 07:31:41] No reply from Kyle yet. Next check in 30 minutes.
[2026-03-22 08:03:45] === Kyle Watcher v2 Starting ===
[2026-03-22 08:03:45] Virtualmin mailbox: 0 total messages
[2026-03-22 08:03:45] No reply from Kyle in Virtualmin mailbox
[2026-03-22 08:03:47] No reply from Kyle in Gmail fallback
[2026-03-22 08:03:47] No reply from Kyle yet. Next check in 30 minutes.
[2026-03-22 08:31:45] === Kyle Watcher v2 Starting ===
[2026-03-22 08:31:45] Virtualmin mailbox: 0 total messages
[2026-03-22 08:31:45] No reply from Kyle in Virtualmin mailbox
[2026-03-22 08:31:46] No reply from Kyle in Gmail fallback
[2026-03-22 08:31:46] No reply from Kyle yet. Next check in 30 minutes.
[2026-03-22 09:01:39] === Kyle Watcher v2 Starting ===
[2026-03-22 09:01:39] Virtualmin mailbox: 0 total messages
[2026-03-22 09:01:39] No reply from Kyle in Virtualmin mailbox
[2026-03-22 09:01:40] No reply from Kyle in Gmail fallback
[2026-03-22 09:01:40] No reply from Kyle yet. Next check in 30 minutes.
[2026-03-22 09:31:36] === Kyle Watcher v2 Starting ===
[2026-03-22 09:31:36] Virtualmin mailbox: 0 total messages
[2026-03-22 09:31:36] No reply from Kyle in Virtualmin mailbox
[2026-03-22 09:31:37] No reply from Kyle in Gmail fallback
[2026-03-22 09:31:37] No reply from Kyle yet. Next check in 30 minutes.
[2026-03-22 10:01:58] === Kyle Watcher v2 Starting ===
[2026-03-22 10:01:58] Virtualmin mailbox: 0 total messages
[2026-03-22 10:01:58] No reply from Kyle in Virtualmin mailbox
[2026-03-22 10:01:59] No reply from Kyle in Gmail fallback
[2026-03-22 10:01:59] No reply from Kyle yet. Next check in 30 minutes.
[2026-03-22 10:31:43] === Kyle Watcher v2 Starting ===
[2026-03-22 10:31:43] Virtualmin mailbox: 0 total messages
[2026-03-22 10:31:43] No reply from Kyle in Virtualmin mailbox
[2026-03-22 10:31:44] No reply from Kyle in Gmail fallback
[2026-03-22 10:31:44] No reply from Kyle yet. Next check in 30 minutes.
[2026-03-22 11:01:47] === Kyle Watcher v2 Starting ===
[2026-03-22 11:01:47] Virtualmin mailbox: 0 total messages
[2026-03-22 11:01:47] No reply from Kyle in Virtualmin mailbox
[2026-03-22 11:01:48] No reply from Kyle in Gmail fallback
[2026-03-22 11:01:48] No reply from Kyle yet. Next check in 30 minutes.
[2026-03-22 11:31:39] === Kyle Watcher v2 Starting ===
[2026-03-22 11:31:39] Virtualmin mailbox: 0 total messages
[2026-03-22 11:31:39] No reply from Kyle in Virtualmin mailbox
[2026-03-22 11:31:40] No reply from Kyle in Gmail fallback
[2026-03-22 11:31:40] No reply from Kyle yet. Next check in 30 minutes.
[2026-03-22 12:04:37] === Kyle Watcher v2 Starting ===
[2026-03-22 12:04:38] Virtualmin mailbox: 0 total messages
[2026-03-22 12:04:38] No reply from Kyle in Virtualmin mailbox
[2026-03-22 12:04:38] No reply from Kyle in Gmail fallback
[2026-03-22 12:04:39] No reply from Kyle yet. Next check in 30 minutes.
[2026-03-22 12:31:56] === Kyle Watcher v2 Starting ===
[2026-03-22 12:31:56] Virtualmin mailbox: 0 total messages
[2026-03-22 12:31:56] No reply from Kyle in Virtualmin mailbox
[2026-03-22 12:31:57] No reply from Kyle in Gmail fallback
[2026-03-22 12:31:58] No reply from Kyle yet. Next check in 30 minutes.
[2026-03-22 13:01:43] === Kyle Watcher v2 Starting ===
[2026-03-22 13:01:43] Virtualmin mailbox: 0 total messages
[2026-03-22 13:01:43] No reply from Kyle in Virtualmin mailbox
[2026-03-22 13:01:44] No reply from Kyle in Gmail fallback
[2026-03-22 13:01:44] No reply from Kyle yet. Next check in 30 minutes.
[2026-03-22 13:31:48] === Kyle Watcher v2 Starting ===
[2026-03-22 13:31:48] Virtualmin mailbox: 0 total messages
[2026-03-22 13:31:48] No reply from Kyle in Virtualmin mailbox
[2026-03-22 13:31:49] No reply from Kyle in Gmail fallback
[2026-03-22 13:31:49] No reply from Kyle yet. Next check in 30 minutes.
[2026-03-22 14:02:22] === Kyle Watcher v2 Starting ===
[2026-03-22 14:02:22] Virtualmin mailbox: 0 total messages
[2026-03-22 14:02:22] No reply from Kyle in Virtualmin mailbox
[2026-03-22 14:02:23] No reply from Kyle in Gmail fallback
[2026-03-22 14:02:23] No reply from Kyle yet. Next check in 30 minutes.
[2026-03-22 14:31:52] === Kyle Watcher v2 Starting ===
[2026-03-22 14:31:53] Virtualmin mailbox: 0 total messages
[2026-03-22 14:31:53] No reply from Kyle in Virtualmin mailbox
[2026-03-22 14:31:54] No reply from Kyle in Gmail fallback
[2026-03-22 14:31:54] No reply from Kyle yet. Next check in 30 minutes.
